{"uid":"5e72a431ee2943cf","name":"checkTheNewsAreUpToDate","fullName":"ui.contacts.ContactsPageTests.checkTheNewsAreUpToDate","historyId":"aac3d7a63d1f661509745fb0b4370e3f","time":{"start":1675337947917,"stop":1675337968851,"duration":20934},"status":"failed","statusMessage":"Element not found {By.xpath: //p[contains(., 'nuevo')]/following-sibling::*.snapshot(3 elements)[2]}\nExpected: exist\nScreenshot: file:/home/runner/work/INNOCVAuto/INNOCVAuto/target/screenshots/1675337968045.1.png\nPage source: file:/home/runner/work/INNOCVAuto/INNOCVAuto/target/screenshots/1675337968045.1.html\nTimeout: 20 s.\nCaused by: StaleElementReferenceException: stale element reference: element is not attached to the page document","statusTrace":"Element not found {By.xpath: //p[contains(., 'nuevo')]/following-sibling::*.snapshot(3 elements)[2]}\nExpected: exist\nScreenshot: file:/home/runner/work/INNOCVAuto/INNOCVAuto/target/screenshots/1675337968045.1.png\nPage source: file:/home/runner/work/INNOCVAuto/INNOCVAuto/target/screenshots/1675337968045.1.html\nTimeout: 20 s.\nCaused by: StaleElementReferenceException: stale element reference: element is not attached to the page document\n\tat com.codeborne.selenide.impl.WebElementSource.createElementNotFoundError(WebElementSource.java:87)\n\tat com.codeborne.selenide.impl.CollectionElement.createElementNotFoundError(CollectionElement.java:63)\n\tat com.codeborne.selenide.impl.ExceptionWrapper.wrap(ExceptionWrapper.java:32)\n\tat com.codeborne.selenide.impl.SelenideElementProxy.dispatchAndRetry(SelenideElementProxy.java:152)\n\tat com.codeborne.selenide.impl.SelenideElementProxy.invoke(SelenideElementProxy.java:82)\n\tat jdk.proxy2/jdk.proxy2.$Proxy7.getText(Unknown Source)\n\tat pages.innocv.actions.ContactsPageActions.getTheNewsDatesAndVerifyIfUpToDate(ContactsPageActions.java:54)\n\tat ui.contacts.ContactsPageTests.checkTheNewsAreUpToDate(ContactsPageTests.java:49)\n\tat java.base/jdk.internal.reflect.NativeMethodAccessorImpl.invoke0(Native Method)\n\tat java.base/jdk.internal.reflect.NativeMethodAccessorImpl.invoke(NativeMethodAccessorImpl.java:77)\n\tat java.base/jdk.internal.reflect.DelegatingMethodAccessorImpl.invoke(DelegatingMethodAccessorImpl.java:43)\n\tat java.base/java.lang.reflect.Method.invoke(Method.java:568)\n\tat org.testng.internal.invokers.MethodInvocationHelper.invokeMethod(MethodInvocationHelper.java:139)\n\tat org.testng.internal.invokers.TestInvoker.invokeMethod(TestInvoker.java:677)\n\tat org.testng.internal.invokers.TestInvoker.retryFailed(TestInvoker.java:263)\n\tat org.testng.internal.invokers.MethodRunner.runInSequence(MethodRunner.java:62)\n\tat org.testng.internal.invokers.TestInvoker$MethodInvocationAgent.invoke(TestInvoker.java:969)\n\tat org.testng.internal.invokers.TestInvoker.invokeTestMethods(TestInvoker.java:194)\n\tat org.testng.internal.invokers.TestMethodWorker.invokeTestMethods(TestMethodWorker.java:148)\n\tat org.testng.internal.invokers.TestMethodWorker.run(TestMethodWorker.java:128)\n\tat java.base/java.util.ArrayList.forEach(ArrayList.java:1511)\n\tat org.testng.TestRunner.privateRun(TestRunner.java:829)\n\tat org.testng.TestRunner.run(TestRunner.java:602)\n\tat org.testng.SuiteRunner.runTest(SuiteRunner.java:437)\n\tat org.testng.SuiteRunner.runSequentially(SuiteRunner.java:431)\n\tat org.testng.SuiteRunner.privateRun(SuiteRunner.java:391)\n\tat org.testng.SuiteRunner.run(SuiteRunner.java:330)\n\tat org.testng.SuiteRunnerWorker.runSuite(SuiteRunnerWorker.java:52)\n\tat org.testng.SuiteRunnerWorker.run(SuiteRunnerWorker.java:95)\n\tat org.testng.TestNG.runSuitesSequentially(TestNG.java:1256)\n\tat org.testng.TestNG.runSuitesLocally(TestNG.java:1176)\n\tat org.testng.TestNG.runSuites(TestNG.java:1099)\n\tat org.testng.TestNG.run(TestNG.java:1067)\n\tat org.apache.maven.surefire.testng.TestNGExecutor.run(TestNGExecutor.java:284)\n\tat org.apache.maven.surefire.testng.TestNGXmlTestSuite.execute(TestNGXmlTestSuite.java:75)\n\tat org.apache.maven.surefire.testng.TestNGProvider.invoke(TestNGProvider.java:119)\n\tat org.apache.maven.surefire.booter.ForkedBooter.runSuitesInProcess(ForkedBooter.java:428)\n\tat org.apache.maven.surefire.booter.ForkedBooter.execute(ForkedBooter.java:162)\n\tat org.apache.maven.surefire.booter.ForkedBooter.run(ForkedBooter.java:562)\n\tat org.apache.maven.surefire.booter.ForkedBooter.main(ForkedBooter.java:548)\nCaused by: org.openqa.selenium.StaleElementReferenceException: stale element reference: element is not attached to the page document\n  (Session info: chrome=109.0.5414.74)\nFor documentation on this error, please visit: https://selenium.dev/exceptions/#stale_element_reference\nBuild info: version: '4.6.0', revision: '79f1c02ae20'\nSystem info: os.name: 'Linux', os.arch: 'amd64', os.version: '5.15.0-1031-azure', java.version: '17.0.6'\nDriver info: org.openqa.selenium.remote.RemoteWebDriver\nCommand: [31c8912e54f35f06c5235b4563e0b3a1, getElementTagName {id=d22e0804-d685-420b-94e4-f713e6af776e}]\nCapabilities {acceptInsecureCerts: true, browserName: chrome, browserVersion: 109.0.5414.74, chrome: {chromedriverVersion: 109.0.5414.74 (e7c5703604da..., userDataDir: /tmp/.com.google.Chrome.9IXWZD}, goog:chromeOptions: {debuggerAddress: localhost:42461}, networkConnectionEnabled: false, pageLoadStrategy: normal, platformName: LINUX, proxy: Proxy(), setWindowRect: true, strictFileInteractability: false, timeouts: {implicit: 0, pageLoad: 300000, script: 30000}, unhandledPromptBehavior: accept, webauthn:extension:credBlob: true, webauthn:extension:largeBlob: true, webauthn:virtualAuthenticators: true}\nElement: [[RemoteWebDriver: chrome on LINUX (31c8912e54f35f06c5235b4563e0b3a1)] -> xpath: //p[contains(., 'nuevo')]/following-sibling::*]\nSession ID: 31c8912e54f35f06c5235b4563e0b3a1\n\tat jdk.internal.reflect.GeneratedConstructorAccessor9.newInstance(Unknown Source)\n\tat java.base/jdk.internal.reflect.DelegatingConstructorAccessorImpl.newInstance(DelegatingConstructorAccessorImpl.java:45)\n\tat java.base/java.lang.reflect.Constructor.newInstanceWithCaller(Constructor.java:499)\n\tat java.base/java.lang.reflect.Constructor.newInstance(Constructor.java:480)\n\tat org.openqa.selenium.remote.codec.w3c.W3CHttpResponseCodec.createException(W3CHttpResponseCodec.java:200)\n\tat org.openqa.selenium.remote.codec.w3c.W3CHttpResponseCodec.decode(W3CHttpResponseCodec.java:133)\n\tat org.openqa.selenium.remote.codec.w3c.W3CHttpResponseCodec.decode(W3CHttpResponseCodec.java:53)\n\tat org.openqa.selenium.remote.HttpCommandExecutor.execute(HttpCommandExecutor.java:184)\n\tat org.openqa.selenium.remote.RemoteWebDriver.execute(RemoteWebDriver.java:541)\n\tat org.openqa.selenium.remote.RemoteWebElement.execute(RemoteWebElement.java:257)\n\tat org.openqa.selenium.remote.RemoteWebElement.getTagName(RemoteWebElement.java:137)\n\tat com.codeborne.selenide.commands.GetText.execute(GetText.java:30)\n\tat com.codeborne.selenide.commands.GetText.execute(GetText.java:13)\n\tat com.codeborne.selenide.commands.Commands.execute(Commands.java:157)\n\tat com.codeborne.selenide.impl.SelenideElementProxy.dispatchAndRetry(SelenideElementProxy.java:130)\n\t... 36 more\n","flaky":false,"newFailed":false,"newBroken":false,"newPassed":false,"retriesCount":1,"retriesStatusChange":true,"beforeStages":[{"name":"setUp","time":{"start":1675337898627,"stop":1675337898780,"duration":153},"description":"","status":"passed","steps":[{"name":"setUpConfig","time":{"start":1675337898670,"stop":1675337898778,"duration":108},"status":"passed","steps":[],"attachments":[],"parameters":[{"name":"projectId","value":"1"},{"name":"browser","value":"Chrome"},{"name":"browserVersion","value":"${BrowserVersion}"}],"attachmentsCount":0,"shouldDisplayMessage":false,"hasContent":true,"stepsCount":0}],"attachments":[],"parameters":[],"attachmentsCount":0,"shouldDisplayMessage":false,"hasContent":true,"stepsCount":1},{"name":"setUp","time":{"start":1675337943605,"stop":1675337947910,"duration":4305},"description":"","status":"passed","steps":[{"name":"$(\"open\") https://www.innocv.com/","time":{"start":1675337943605,"stop":1675337945728,"duration":2123},"status":"passed","steps":[{"name":"$(\"webdriver\") create()","time":{"start":1675337943605,"stop":1675337944685,"duration":1080},"status":"passed","steps":[],"attachments":[],"parameters":[],"attachmentsCount":0,"shouldDisplayMessage":false,"hasContent":false,"stepsCount":0}],"attachments":[],"parameters":[],"attachmentsCount":0,"shouldDisplayMessage":false,"hasContent":true,"stepsCount":1},{"name":"Go to contacts page","time":{"start":1675337947728,"stop":1675337947910,"duration":182},"status":"passed","steps":[{"name":"$(\"By.xpath: //vsg[@class='MuiCircularProgress-svg']\") should not be(visible)","time":{"start":1675337947729,"stop":1675337947745,"duration":16},"status":"passed","steps":[],"attachments":[],"parameters":[],"attachmentsCount":0,"shouldDisplayMessage":false,"hasContent":false,"stepsCount":0},{"name":"$(\"By.id: rcc-confirm-button\") click()","time":{"start":1675337947745,"stop":1675337947808,"duration":63},"status":"passed","steps":[],"attachments":[],"parameters":[],"attachmentsCount":0,"shouldDisplayMessage":false,"hasContent":false,"stepsCount":0},{"name":"$(\"By.xpath: //a[@href='/contacto']\") click()","time":{"start":1675337947808,"stop":1675337947885,"duration":77},"status":"passed","steps":[],"attachments":[],"parameters":[],"attachmentsCount":0,"shouldDisplayMessage":false,"hasContent":false,"stepsCount":0},{"name":"$(\"By.xpath: //vsg[@class='MuiCircularProgress-svg']\") should not be(visible)","time":{"start":1675337947885,"stop":1675337947910,"duration":25},"status":"passed","steps":[],"attachments":[],"parameters":[],"attachmentsCount":0,"shouldDisplayMessage":false,"hasContent":false,"stepsCount":0}],"attachments":[],"parameters":[],"attachmentsCount":0,"shouldDisplayMessage":false,"hasContent":true,"stepsCount":4}],"attachments":[],"parameters":[],"attachmentsCount":0,"shouldDisplayMessage":false,"hasContent":true,"stepsCount":7}],"testStage":{"status":"failed","statusMessage":"Element not found {By.xpath: //p[contains(., 'nuevo')]/following-sibling::*.snapshot(3 elements)[2]}\nExpected: exist\nScreenshot: file:/home/runner/work/INNOCVAuto/INNOCVAuto/target/screenshots/1675337968045.1.png\nPage source: file:/home/runner/work/INNOCVAuto/INNOCVAuto/target/screenshots/1675337968045.1.html\nTimeout: 20 s.\nCaused by: StaleElementReferenceException: stale element reference: element is not attached to the page document","statusTrace":"Element not found {By.xpath: //p[contains(., 'nuevo')]/following-sibling::*.snapshot(3 elements)[2]}\nExpected: exist\nScreenshot: file:/home/runner/work/INNOCVAuto/INNOCVAuto/target/screenshots/1675337968045.1.png\nPage source: file:/home/runner/work/INNOCVAuto/INNOCVAuto/target/screenshots/1675337968045.1.html\nTimeout: 20 s.\nCaused by: StaleElementReferenceException: stale element reference: element is not attached to the page document\n\tat com.codeborne.selenide.impl.WebElementSource.createElementNotFoundError(WebElementSource.java:87)\n\tat com.codeborne.selenide.impl.CollectionElement.createElementNotFoundError(CollectionElement.java:63)\n\tat com.codeborne.selenide.impl.ExceptionWrapper.wrap(ExceptionWrapper.java:32)\n\tat com.codeborne.selenide.impl.SelenideElementProxy.dispatchAndRetry(SelenideElementProxy.java:152)\n\tat com.codeborne.selenide.impl.SelenideElementProxy.invoke(SelenideElementProxy.java:82)\n\tat jdk.proxy2/jdk.proxy2.$Proxy7.getText(Unknown Source)\n\tat pages.innocv.actions.ContactsPageActions.getTheNewsDatesAndVerifyIfUpToDate(ContactsPageActions.java:54)\n\tat ui.contacts.ContactsPageTests.checkTheNewsAreUpToDate(ContactsPageTests.java:49)\n\tat java.base/jdk.internal.reflect.NativeMethodAccessorImpl.invoke0(Native Method)\n\tat java.base/jdk.internal.reflect.NativeMethodAccessorImpl.invoke(NativeMethodAccessorImpl.java:77)\n\tat java.base/jdk.internal.reflect.DelegatingMethodAccessorImpl.invoke(DelegatingMethodAccessorImpl.java:43)\n\tat java.base/java.lang.reflect.Method.invoke(Method.java:568)\n\tat org.testng.internal.invokers.MethodInvocationHelper.invokeMethod(MethodInvocationHelper.java:139)\n\tat org.testng.internal.invokers.TestInvoker.invokeMethod(TestInvoker.java:677)\n\tat org.testng.internal.invokers.TestInvoker.retryFailed(TestInvoker.java:263)\n\tat org.testng.internal.invokers.MethodRunner.runInSequence(MethodRunner.java:62)\n\tat org.testng.internal.invokers.TestInvoker$MethodInvocationAgent.invoke(TestInvoker.java:969)\n\tat org.testng.internal.invokers.TestInvoker.invokeTestMethods(TestInvoker.java:194)\n\tat org.testng.internal.invokers.TestMethodWorker.invokeTestMethods(TestMethodWorker.java:148)\n\tat org.testng.internal.invokers.TestMethodWorker.run(TestMethodWorker.java:128)\n\tat java.base/java.util.ArrayList.forEach(ArrayList.java:1511)\n\tat org.testng.TestRunner.privateRun(TestRunner.java:829)\n\tat org.testng.TestRunner.run(TestRunner.java:602)\n\tat org.testng.SuiteRunner.runTest(SuiteRunner.java:437)\n\tat org.testng.SuiteRunner.runSequentially(SuiteRunner.java:431)\n\tat org.testng.SuiteRunner.privateRun(SuiteRunner.java:391)\n\tat org.testng.SuiteRunner.run(SuiteRunner.java:330)\n\tat org.testng.SuiteRunnerWorker.runSuite(SuiteRunnerWorker.java:52)\n\tat org.testng.SuiteRunnerWorker.run(SuiteRunnerWorker.java:95)\n\tat org.testng.TestNG.runSuitesSequentially(TestNG.java:1256)\n\tat org.testng.TestNG.runSuitesLocally(TestNG.java:1176)\n\tat org.testng.TestNG.runSuites(TestNG.java:1099)\n\tat org.testng.TestNG.run(TestNG.java:1067)\n\tat org.apache.maven.surefire.testng.TestNGExecutor.run(TestNGExecutor.java:284)\n\tat org.apache.maven.surefire.testng.TestNGXmlTestSuite.execute(TestNGXmlTestSuite.java:75)\n\tat org.apache.maven.surefire.testng.TestNGProvider.invoke(TestNGProvider.java:119)\n\tat org.apache.maven.surefire.booter.ForkedBooter.runSuitesInProcess(ForkedBooter.java:428)\n\tat org.apache.maven.surefire.booter.ForkedBooter.execute(ForkedBooter.java:162)\n\tat org.apache.maven.surefire.booter.ForkedBooter.run(ForkedBooter.java:562)\n\tat org.apache.maven.surefire.booter.ForkedBooter.main(ForkedBooter.java:548)\nCaused by: org.openqa.selenium.StaleElementReferenceException: stale element reference: element is not attached to the page document\n  (Session info: chrome=109.0.5414.74)\nFor documentation on this error, please visit: https://selenium.dev/exceptions/#stale_element_reference\nBuild info: version: '4.6.0', revision: '79f1c02ae20'\nSystem info: os.name: 'Linux', os.arch: 'amd64', os.version: '5.15.0-1031-azure', java.version: '17.0.6'\nDriver info: org.openqa.selenium.remote.RemoteWebDriver\nCommand: [31c8912e54f35f06c5235b4563e0b3a1, getElementTagName {id=d22e0804-d685-420b-94e4-f713e6af776e}]\nCapabilities {acceptInsecureCerts: true, browserName: chrome, browserVersion: 109.0.5414.74, chrome: {chromedriverVersion: 109.0.5414.74 (e7c5703604da..., userDataDir: /tmp/.com.google.Chrome.9IXWZD}, goog:chromeOptions: {debuggerAddress: localhost:42461}, networkConnectionEnabled: false, pageLoadStrategy: normal, platformName: LINUX, proxy: Proxy(), setWindowRect: true, strictFileInteractability: false, timeouts: {implicit: 0, pageLoad: 300000, script: 30000}, unhandledPromptBehavior: accept, webauthn:extension:credBlob: true, webauthn:extension:largeBlob: true, webauthn:virtualAuthenticators: true}\nElement: [[RemoteWebDriver: chrome on LINUX (31c8912e54f35f06c5235b4563e0b3a1)] -> xpath: //p[contains(., 'nuevo')]/following-sibling::*]\nSession ID: 31c8912e54f35f06c5235b4563e0b3a1\n\tat jdk.internal.reflect.GeneratedConstructorAccessor9.newInstance(Unknown Source)\n\tat java.base/jdk.internal.reflect.DelegatingConstructorAccessorImpl.newInstance(DelegatingConstructorAccessorImpl.java:45)\n\tat java.base/java.lang.reflect.Constructor.newInstanceWithCaller(Constructor.java:499)\n\tat java.base/java.lang.reflect.Constructor.newInstance(Constructor.java:480)\n\tat org.openqa.selenium.remote.codec.w3c.W3CHttpResponseCodec.createException(W3CHttpResponseCodec.java:200)\n\tat org.openqa.selenium.remote.codec.w3c.W3CHttpResponseCodec.decode(W3CHttpResponseCodec.java:133)\n\tat org.openqa.selenium.remote.codec.w3c.W3CHttpResponseCodec.decode(W3CHttpResponseCodec.java:53)\n\tat org.openqa.selenium.remote.HttpCommandExecutor.execute(HttpCommandExecutor.java:184)\n\tat org.openqa.selenium.remote.RemoteWebDriver.execute(RemoteWebDriver.java:541)\n\tat org.openqa.selenium.remote.RemoteWebElement.execute(RemoteWebElement.java:257)\n\tat org.openqa.selenium.remote.RemoteWebElement.getTagName(RemoteWebElement.java:137)\n\tat com.codeborne.selenide.commands.GetText.execute(GetText.java:30)\n\tat com.codeborne.selenide.commands.GetText.execute(GetText.java:13)\n\tat com.codeborne.selenide.commands.Commands.execute(Commands.java:157)\n\tat com.codeborne.selenide.impl.SelenideElementProxy.dispatchAndRetry(SelenideElementProxy.java:130)\n\t... 36 more\n","steps":[{"name":"getTheNewsDatesAndVerifyIfUpToDate","time":{"start":1675337947917,"stop":1675337968848,"duration":20931},"status":"failed","statusMessage":"Element not found {By.xpath: //p[contains(., 'nuevo')]/following-sibling::*.snapshot(3 elements)[2]}\nExpected: exist\nScreenshot: file:/home/runner/work/INNOCVAuto/INNOCVAuto/target/screenshots/1675337968045.1.png\nPage source: file:/home/runner/work/INNOCVAuto/INNOCVAuto/target/screenshots/1675337968045.1.html\nTimeout: 20 s.\nCaused by: StaleElementReferenceException: stale element reference: element is not attached to the page document","statusTrace":"Element not found {By.xpath: //p[contains(., 'nuevo')]/following-sibling::*.snapshot(3 elements)[2]}\nExpected: exist\nScreenshot: file:/home/runner/work/INNOCVAuto/INNOCVAuto/target/screenshots/1675337968045.1.png\nPage source: file:/home/runner/work/INNOCVAuto/INNOCVAuto/target/screenshots/1675337968045.1.html\nTimeout: 20 s.\nCaused by: StaleElementReferenceException: stale element reference: element is not attached to the page document\n\tat com.codeborne.selenide.impl.WebElementSource.createElementNotFoundError(WebElementSource.java:87)\n\tat com.codeborne.selenide.impl.CollectionElement.createElementNotFoundError(CollectionElement.java:63)\n\tat com.codeborne.selenide.impl.ExceptionWrapper.wrap(ExceptionWrapper.java:32)\n\tat com.codeborne.selenide.impl.SelenideElementProxy.dispatchAndRetry(SelenideElementProxy.java:152)\n\tat com.codeborne.selenide.impl.SelenideElementProxy.invoke(SelenideElementProxy.java:82)\n\tat jdk.proxy2/jdk.proxy2.$Proxy7.getText(Unknown Source)\n\tat pages.innocv.actions.ContactsPageActions.getTheNewsDatesAndVerifyIfUpToDate(ContactsPageActions.java:54)\n\tat ui.contacts.ContactsPageTests.checkTheNewsAreUpToDate(ContactsPageTests.java:49)\n\tat java.base/jdk.internal.reflect.NativeMethodAccessorImpl.invoke0(Native Method)\n\tat java.base/jdk.internal.reflect.NativeMethodAccessorImpl.invoke(NativeMethodAccessorImpl.java:77)\n\tat java.base/jdk.internal.reflect.DelegatingMethodAccessorImpl.invoke(DelegatingMethodAccessorImpl.java:43)\n\tat java.base/java.lang.reflect.Method.invoke(Method.java:568)\n\tat org.testng.internal.invokers.MethodInvocationHelper.invokeMethod(MethodInvocationHelper.java:139)\n\tat org.testng.internal.invokers.TestInvoker.invokeMethod(TestInvoker.java:677)\n\tat org.testng.internal.invokers.TestInvoker.retryFailed(TestInvoker.java:263)\n\tat org.testng.internal.invokers.MethodRunner.runInSequence(MethodRunner.java:62)\n\tat org.testng.internal.invokers.TestInvoker$MethodInvocationAgent.invoke(TestInvoker.java:969)\n\tat org.testng.internal.invokers.TestInvoker.invokeTestMethods(TestInvoker.java:194)\n\tat org.testng.internal.invokers.TestMethodWorker.invokeTestMethods(TestMethodWorker.java:148)\n\tat org.testng.internal.invokers.TestMethodWorker.run(TestMethodWorker.java:128)\n\tat java.base/java.util.ArrayList.forEach(ArrayList.java:1511)\n\tat org.testng.TestRunner.privateRun(TestRunner.java:829)\n\tat org.testng.TestRunner.run(TestRunner.java:602)\n\tat org.testng.SuiteRunner.runTest(SuiteRunner.java:437)\n\tat org.testng.SuiteRunner.runSequentially(SuiteRunner.java:431)\n\tat org.testng.SuiteRunner.privateRun(SuiteRunner.java:391)\n\tat org.testng.SuiteRunner.run(SuiteRunner.java:330)\n\tat org.testng.SuiteRunnerWorker.runSuite(SuiteRunnerWorker.java:52)\n\tat org.testng.SuiteRunnerWorker.run(SuiteRunnerWorker.java:95)\n\tat org.testng.TestNG.runSuitesSequentially(TestNG.java:1256)\n\tat org.testng.TestNG.runSuitesLocally(TestNG.java:1176)\n\tat org.testng.TestNG.runSuites(TestNG.java:1099)\n\tat org.testng.TestNG.run(TestNG.java:1067)\n\tat org.apache.maven.surefire.testng.TestNGExecutor.run(TestNGExecutor.java:284)\n\tat org.apache.maven.surefire.testng.TestNGXmlTestSuite.execute(TestNGXmlTestSuite.java:75)\n\tat org.apache.maven.surefire.testng.TestNGProvider.invoke(TestNGProvider.java:119)\n\tat org.apache.maven.surefire.booter.ForkedBooter.runSuitesInProcess(ForkedBooter.java:428)\n\tat org.apache.maven.surefire.booter.ForkedBooter.execute(ForkedBooter.java:162)\n\tat org.apache.maven.surefire.booter.ForkedBooter.run(ForkedBooter.java:562)\n\tat org.apache.maven.surefire.booter.ForkedBooter.main(ForkedBooter.java:548)\nCaused by: org.openqa.selenium.StaleElementReferenceException: stale element reference: element is not attached to the page document\n  (Session info: chrome=109.0.5414.74)\nFor documentation on this error, please visit: https://selenium.dev/exceptions/#stale_element_reference\nBuild info: version: '4.6.0', revision: '79f1c02ae20'\nSystem info: os.name: 'Linux', os.arch: 'amd64', os.version: '5.15.0-1031-azure', java.version: '17.0.6'\nDriver info: org.openqa.selenium.remote.RemoteWebDriver\nCommand: [31c8912e54f35f06c5235b4563e0b3a1, getElementTagName {id=d22e0804-d685-420b-94e4-f713e6af776e}]\nCapabilities {acceptInsecureCerts: true, browserName: chrome, browserVersion: 109.0.5414.74, chrome: {chromedriverVersion: 109.0.5414.74 (e7c5703604da..., userDataDir: /tmp/.com.google.Chrome.9IXWZD}, goog:chromeOptions: {debuggerAddress: localhost:42461}, networkConnectionEnabled: false, pageLoadStrategy: normal, platformName: LINUX, proxy: Proxy(), setWindowRect: true, strictFileInteractability: false, timeouts: {implicit: 0, pageLoad: 300000, script: 30000}, unhandledPromptBehavior: accept, webauthn:extension:credBlob: true, webauthn:extension:largeBlob: true, webauthn:virtualAuthenticators: true}\nElement: [[RemoteWebDriver: chrome on LINUX (31c8912e54f35f06c5235b4563e0b3a1)] -> xpath: //p[contains(., 'nuevo')]/following-sibling::*]\nSession ID: 31c8912e54f35f06c5235b4563e0b3a1\n\tat jdk.internal.reflect.GeneratedConstructorAccessor9.newInstance(Unknown Source)\n\tat java.base/jdk.internal.reflect.DelegatingConstructorAccessorImpl.newInstance(DelegatingConstructorAccessorImpl.java:45)\n\tat java.base/java.lang.reflect.Constructor.newInstanceWithCaller(Constructor.java:499)\n\tat java.base/java.lang.reflect.Constructor.newInstance(Constructor.java:480)\n\tat org.openqa.selenium.remote.codec.w3c.W3CHttpResponseCodec.createException(W3CHttpResponseCodec.java:200)\n\tat org.openqa.selenium.remote.codec.w3c.W3CHttpResponseCodec.decode(W3CHttpResponseCodec.java:133)\n\tat org.openqa.selenium.remote.codec.w3c.W3CHttpResponseCodec.decode(W3CHttpResponseCodec.java:53)\n\tat org.openqa.selenium.remote.HttpCommandExecutor.execute(HttpCommandExecutor.java:184)\n\tat org.openqa.selenium.remote.RemoteWebDriver.execute(RemoteWebDriver.java:541)\n\tat org.openqa.selenium.remote.RemoteWebElement.execute(RemoteWebElement.java:257)\n\tat org.openqa.selenium.remote.RemoteWebElement.getTagName(RemoteWebElement.java:137)\n\tat com.codeborne.selenide.commands.GetText.execute(GetText.java:30)\n\tat com.codeborne.selenide.commands.GetText.execute(GetText.java:13)\n\tat com.codeborne.selenide.commands.Commands.execute(Commands.java:157)\n\tat com.codeborne.selenide.impl.SelenideElementProxy.dispatchAndRetry(SelenideElementProxy.java:130)\n\t... 36 more\n","steps":[{"name":"$(\"By.xpath: //div[@class='icons-list']\") should be(exist)","time":{"start":1675337947917,"stop":1675337947942,"duration":25},"status":"passed","steps":[],"attachments":[],"parameters":[],"attachmentsCount":0,"shouldDisplayMessage":false,"hasContent":false,"stepsCount":0},{"name":"$(\"By.xpath: //p[contains(., 'nuevo')]/following-sibling::*\") should be(exist)","time":{"start":1675337947942,"stop":1675337947964,"duration":22},"status":"passed","steps":[],"attachments":[],"parameters":[],"attachmentsCount":0,"shouldDisplayMessage":false,"hasContent":false,"stepsCount":0},{"name":"$(\"By.xpath: //p[contains(., 'nuevo')]/following-sibling::*.snapshot(3 elements)[0]\") get text()","time":{"start":1675337947975,"stop":1675337947996,"duration":21},"status":"passed","steps":[],"attachments":[],"parameters":[],"attachmentsCount":0,"shouldDisplayMessage":false,"hasContent":false,"stepsCount":0},{"name":"$(\"By.xpath: //p[contains(., 'nuevo')]/following-sibling::*.snapshot(3 elements)[1]\") get text()","time":{"start":1675337947997,"stop":1675337948016,"duration":19},"status":"passed","steps":[],"attachments":[],"parameters":[],"attachmentsCount":0,"shouldDisplayMessage":false,"hasContent":false,"stepsCount":0},{"name":"$(\"By.xpath: //p[contains(., 'nuevo')]/following-sibling::*.snapshot(3 elements)[2]\") get text()","time":{"start":1675337948016,"stop":1675337968848,"duration":20832},"status":"failed","statusMessage":"Element not found {By.xpath: //p[contains(., 'nuevo')]/following-sibling::*.snapshot(3 elements)[2]}\nExpected: exist\nScreenshot: file:/home/runner/work/INNOCVAuto/INNOCVAuto/target/screenshots/1675337968045.1.png\nPage source: file:/home/runner/work/INNOCVAuto/INNOCVAuto/target/screenshots/1675337968045.1.html\nTimeout: 20 s.\nCaused by: StaleElementReferenceException: stale element reference: element is not attached to the page document","statusTrace":"Element not found {By.xpath: //p[contains(., 'nuevo')]/following-sibling::*.snapshot(3 elements)[2]}\nExpected: exist\nScreenshot: file:/home/runner/work/INNOCVAuto/INNOCVAuto/target/screenshots/1675337968045.1.png\nPage source: file:/home/runner/work/INNOCVAuto/INNOCVAuto/target/screenshots/1675337968045.1.html\nTimeout: 20 s.\nCaused by: StaleElementReferenceException: stale element reference: element is not attached to the page document\n\tat com.codeborne.selenide.impl.WebElementSource.createElementNotFoundError(WebElementSource.java:87)\n\tat com.codeborne.selenide.impl.CollectionElement.createElementNotFoundError(CollectionElement.java:63)\n\tat com.codeborne.selenide.impl.ExceptionWrapper.wrap(ExceptionWrapper.java:32)\n\tat com.codeborne.selenide.impl.SelenideElementProxy.dispatchAndRetry(SelenideElementProxy.java:152)\n\tat com.codeborne.selenide.impl.SelenideElementProxy.invoke(SelenideElementProxy.java:82)\n\tat jdk.proxy2/jdk.proxy2.$Proxy7.getText(Unknown Source)\n\tat pages.innocv.actions.ContactsPageActions.getTheNewsDatesAndVerifyIfUpToDate(ContactsPageActions.java:54)\n\tat ui.contacts.ContactsPageTests.checkTheNewsAreUpToDate(ContactsPageTests.java:49)\n\tat java.base/jdk.internal.reflect.NativeMethodAccessorImpl.invoke0(Native Method)\n\tat java.base/jdk.internal.reflect.NativeMethodAccessorImpl.invoke(NativeMethodAccessorImpl.java:77)\n\tat java.base/jdk.internal.reflect.DelegatingMethodAccessorImpl.invoke(DelegatingMethodAccessorImpl.java:43)\n\tat java.base/java.lang.reflect.Method.invoke(Method.java:568)\n\tat org.testng.internal.invokers.MethodInvocationHelper.invokeMethod(MethodInvocationHelper.java:139)\n\tat org.testng.internal.invokers.TestInvoker.invokeMethod(TestInvoker.java:677)\n\tat org.testng.internal.invokers.TestInvoker.retryFailed(TestInvoker.java:263)\n\tat org.testng.internal.invokers.MethodRunner.runInSequence(MethodRunner.java:62)\n\tat org.testng.internal.invokers.TestInvoker$MethodInvocationAgent.invoke(TestInvoker.java:969)\n\tat org.testng.internal.invokers.TestInvoker.invokeTestMethods(TestInvoker.java:194)\n\tat org.testng.internal.invokers.TestMethodWorker.invokeTestMethods(TestMethodWorker.java:148)\n\tat org.testng.internal.invokers.TestMethodWorker.run(TestMethodWorker.java:128)\n\tat java.base/java.util.ArrayList.forEach(ArrayList.java:1511)\n\tat org.testng.TestRunner.privateRun(TestRunner.java:829)\n\tat org.testng.TestRunner.run(TestRunner.java:602)\n\tat org.testng.SuiteRunner.runTest(SuiteRunner.java:437)\n\tat org.testng.SuiteRunner.runSequentially(SuiteRunner.java:431)\n\tat org.testng.SuiteRunner.privateRun(SuiteRunner.java:391)\n\tat org.testng.SuiteRunner.run(SuiteRunner.java:330)\n\tat org.testng.SuiteRunnerWorker.runSuite(SuiteRunnerWorker.java:52)\n\tat org.testng.SuiteRunnerWorker.run(SuiteRunnerWorker.java:95)\n\tat org.testng.TestNG.runSuitesSequentially(TestNG.java:1256)\n\tat org.testng.TestNG.runSuitesLocally(TestNG.java:1176)\n\tat org.testng.TestNG.runSuites(TestNG.java:1099)\n\tat org.testng.TestNG.run(TestNG.java:1067)\n\tat org.apache.maven.surefire.testng.TestNGExecutor.run(TestNGExecutor.java:284)\n\tat org.apache.maven.surefire.testng.TestNGXmlTestSuite.execute(TestNGXmlTestSuite.java:75)\n\tat org.apache.maven.surefire.testng.TestNGProvider.invoke(TestNGProvider.java:119)\n\tat org.apache.maven.surefire.booter.ForkedBooter.runSuitesInProcess(ForkedBooter.java:428)\n\tat org.apache.maven.surefire.booter.ForkedBooter.execute(ForkedBooter.java:162)\n\tat org.apache.maven.surefire.booter.ForkedBooter.run(ForkedBooter.java:562)\n\tat org.apache.maven.surefire.booter.ForkedBooter.main(ForkedBooter.java:548)\nCaused by: org.openqa.selenium.StaleElementReferenceException: stale element reference: element is not attached to the page document\n  (Session info: chrome=109.0.5414.74)\nFor documentation on this error, please visit: https://selenium.dev/exceptions/#stale_element_reference\nBuild info: version: '4.6.0', revision: '79f1c02ae20'\nSystem info: os.name: 'Linux', os.arch: 'amd64', os.version: '5.15.0-1031-azure', java.version: '17.0.6'\nDriver info: org.openqa.selenium.remote.RemoteWebDriver\nCommand: [31c8912e54f35f06c5235b4563e0b3a1, getElementTagName {id=d22e0804-d685-420b-94e4-f713e6af776e}]\nCapabilities {acceptInsecureCerts: true, browserName: chrome, browserVersion: 109.0.5414.74, chrome: {chromedriverVersion: 109.0.5414.74 (e7c5703604da..., userDataDir: /tmp/.com.google.Chrome.9IXWZD}, goog:chromeOptions: {debuggerAddress: localhost:42461}, networkConnectionEnabled: false, pageLoadStrategy: normal, platformName: LINUX, proxy: Proxy(), setWindowRect: true, strictFileInteractability: false, timeouts: {implicit: 0, pageLoad: 300000, script: 30000}, unhandledPromptBehavior: accept, webauthn:extension:credBlob: true, webauthn:extension:largeBlob: true, webauthn:virtualAuthenticators: true}\nElement: [[RemoteWebDriver: chrome on LINUX (31c8912e54f35f06c5235b4563e0b3a1)] -> xpath: //p[contains(., 'nuevo')]/following-sibling::*]\nSession ID: 31c8912e54f35f06c5235b4563e0b3a1\n\tat jdk.internal.reflect.GeneratedConstructorAccessor9.newInstance(Unknown Source)\n\tat java.base/jdk.internal.reflect.DelegatingConstructorAccessorImpl.newInstance(DelegatingConstructorAccessorImpl.java:45)\n\tat java.base/java.lang.reflect.Constructor.newInstanceWithCaller(Constructor.java:499)\n\tat java.base/java.lang.reflect.Constructor.newInstance(Constructor.java:480)\n\tat org.openqa.selenium.remote.codec.w3c.W3CHttpResponseCodec.createException(W3CHttpResponseCodec.java:200)\n\tat org.openqa.selenium.remote.codec.w3c.W3CHttpResponseCodec.decode(W3CHttpResponseCodec.java:133)\n\tat org.openqa.selenium.remote.codec.w3c.W3CHttpResponseCodec.decode(W3CHttpResponseCodec.java:53)\n\tat org.openqa.selenium.remote.HttpCommandExecutor.execute(HttpCommandExecutor.java:184)\n\tat org.openqa.selenium.remote.RemoteWebDriver.execute(RemoteWebDriver.java:541)\n\tat org.openqa.selenium.remote.RemoteWebElement.execute(RemoteWebElement.java:257)\n\tat org.openqa.selenium.remote.RemoteWebElement.getTagName(RemoteWebElement.java:137)\n\tat com.codeborne.selenide.commands.GetText.execute(GetText.java:30)\n\tat com.codeborne.selenide.commands.GetText.execute(GetText.java:13)\n\tat com.codeborne.selenide.commands.Commands.execute(Commands.java:157)\n\tat com.codeborne.selenide.impl.SelenideElementProxy.dispatchAndRetry(SelenideElementProxy.java:130)\n\t... 36 more\n","steps":[],"attachments":[{"uid":"4ba6ab9beee94c01","name":"Screenshot","source":"4ba6ab9beee94c01.png","type":"image/png","size":664832},{"uid":"f5353f5bd5ea7304","name":"Page source","source":"f5353f5bd5ea7304.html","type":"text/html","size":79306}],"parameters":[],"attachmentsCount":2,"shouldDisplayMessage":true,"hasContent":true,"stepsCount":0}],"attachments":[],"parameters":[],"attachmentsCount":2,"shouldDisplayMessage":false,"hasContent":true,"stepsCount":5}],"attachments":[],"parameters":[],"attachmentsCount":2,"shouldDisplayMessage":false,"hasContent":true,"stepsCount":6},"afterStages":[{"name":"tearDown","time":{"start":1675337968861,"stop":1675337968927,"duration":66},"description":"","status":"passed","steps":[],"attachments":[],"parameters":[],"attachmentsCount":0,"shouldDisplayMessage":false,"hasContent":false,"stepsCount":0}],"labels":[{"name":"package","value":"ui.contacts.ContactsPageTests"},{"name":"testClass","value":"ui.contacts.ContactsPageTests"},{"name":"testMethod","value":"checkTheNewsAreUpToDate"},{"name":"parentSuite","value":"Suite"},{"name":"suite","value":"Check Contacts Page"},{"name":"subSuite","value":"ui.contacts.ContactsPageTests"},{"name":"host","value":"fv-az550-501"},{"name":"thread","value":"2880@fv-az550-501.main(1)"},{"name":"framework","value":"testng"},{"name":"language","value":"java"},{"name":"resultFormat","value":"allure2"}],"parameters":[{"name":"browser","value":"${Browser}"},{"name":"browserVersion","value":"${BrowserVersion}"},{"name":"projectId","value":"1"}],"links":[],"hidden":false,"retry":false,"extra":{"severity":"normal","retries":[{"uid":"7a37e299af44214a","status":"skipped","statusDetails":"Element not found {By.xpath: //p[contains(., 'nuevo')]/following-sibling::*.snapshot(3 elements)[1]}\nExpected: exist\nScreenshot: file:/home/runner/work/INNOCVAuto/INNOCVAuto/target/screenshots/1675337942663.0.png\nPage source: file:/home/runner/work/INNOCVAuto/INNOCVAuto/target/screenshots/1675337942663.0.html\nTimeout: 20 s.\nCaused by: StaleElementReferenceException: stale element reference: element is not attached to the page document","time":{"start":1675337922351,"stop":1675337943527,"duration":21176}}],"categories":[{"name":"Product defects","matchedStatuses":[],"flaky":false}],"history":{"statistic":{"failed":1,"broken":0,"skipped":2,"passed":0,"unknown":0,"total":3},"items":[{"uid":"d3cca863ccfe8cd1","reportUrl":"https://AlexRiaboshapka.github.io/INNOCVAuto/5//#testresult/d3cca863ccfe8cd1","status":"skipped","statusDetails":"Element not found {By.id: rcc-confirm-button}\nExpected: interactable\nScreenshot: file:/home/runner/work/INNOCVAuto/INNOCVAuto/target/screenshots/1675285591664.0.png\nPage source: file:/home/runner/work/INNOCVAuto/INNOCVAuto/target/screenshots/1675285591664.0.html\nTimeout: 20 s.\nCaused by: NoSuchElementException: no such element: Unable to locate element: {\"method\":\"css selector\",\"selector\":\"#rcc\\-confirm\\-button\"}","time":{"start":1675285592258,"stop":1675285592261,"duration":3}},{"uid":"fbba962cc24216c1","reportUrl":"https://AlexRiaboshapka.github.io/INNOCVAuto/4//#testresult/fbba962cc24216c1","status":"skipped","statusDetails":"Element not found {By.id: rcc-confirm-button}\nExpected: interactable\nScreenshot: file:/home/runner/work/INNOCVAuto/INNOCVAuto/target/screenshots/1675284950223.0.png\nPage source: file:/home/runner/work/INNOCVAuto/INNOCVAuto/target/screenshots/1675284950223.0.html\nTimeout: 20 s.\nCaused by: NoSuchElementException: no such element: Unable to locate element: {\"method\":\"css selector\",\"selector\":\"#rcc\\-confirm\\-button\"}","time":{"start":1675284950736,"stop":1675284950739,"duration":3}}]},"tags":[]},"source":"5e72a431ee2943cf.json","parameterValues":["${Browser}","${BrowserVersion}","1"]}